0 verbose cli /usr/bin/node-18 /usr/bin/npm
1 info using npm@9.8.1
2 info using node@v18.18.2
3 timing npm:load:whichnode Completed in 11ms
4 timing config:load:defaults Completed in 3ms
5 timing config:load:file:/usr/lib/node_modules_18/npm/npmrc Completed in 7ms
6 timing config:load:builtin Completed in 8ms
7 timing config:load:cli Completed in 2ms
8 timing config:load:env Completed in 0ms
9 timing config:load:file:/root/backend/Techdome-backend/.npmrc Completed in 1ms
10 timing config:load:project Completed in 7ms
11 timing config:load:file:/root/.npmrc Completed in 0ms
12 timing config:load:user Completed in 0ms
13 timing config:load:file:/etc/npmrc Completed in 6ms
14 timing config:load:global Completed in 6ms
15 timing config:load:setEnvs Completed in 1ms
16 timing config:load Completed in 30ms
17 timing npm:load:configload Completed in 31ms
18 timing config:load:flatten Completed in 16ms
19 timing npm:load:mkdirpcache Completed in 0ms
20 timing npm:load:mkdirplogs Completed in 0ms
21 verbose title npm install mongoose
22 verbose argv "install" "mongoose"
23 timing npm:load:setTitle Completed in 2ms
24 timing npm:load:display Completed in 1ms
25 verbose logfile logs-max:10 dir:/root/.npm/_logs/2024-01-27T12_18_12_688Z-
26 verbose logfile /root/.npm/_logs/2024-01-27T12_18_12_688Z-debug-0.log
27 timing npm:load:logFile Completed in 35ms
28 timing npm:load:timers Completed in 0ms
29 timing npm:load:configScope Completed in 0ms
30 timing npm:load Completed in 160ms
31 timing arborist:ctor Completed in 9ms
32 silly logfile done cleaning log files
33 timing idealTree:init Completed in 328ms
34 timing idealTree:userRequests Completed in 2ms
35 silly idealTree buildDeps
36 silly fetch manifest mongoose@^7.1.1
37 verbose shrinkwrap failed to load node_modules/.package-lock.json out of date, updated: node_modules
38 http fetch GET 200 https://registry.npmjs.org/npm 855ms (cache miss)
39 http fetch GET 200 https://registry.npmjs.org/mongoose 933ms (cache miss)
40 silly placeDep ROOT mongoose@7.6.8 REPLACE for: backend@1.0.0 want: ^7.1.1
41 silly fetch manifest bson@^5.5.0
42 silly fetch manifest mongodb@5.9.1
43 http fetch GET 200 https://registry.npmjs.org/bson 872ms (cache miss)
44 http fetch GET 200 https://registry.npmjs.org/mongodb 929ms (cache miss)
45 timing idealTree:#root Completed in 1924ms
46 silly fetch manifest @aws-sdk/credential-providers@^3.188.0
47 http fetch GET 200 https://registry.npmjs.org/@aws-sdk%2fcredential-providers 85ms (cache miss)
48 silly fetch manifest @mongodb-js/zstd@^1.0.0
49 http fetch GET 200 https://registry.npmjs.org/@mongodb-js%2fzstd 1935ms (cache miss)
50 silly fetch manifest kerberos@^1.0.0 || ^2.0.0
51 http fetch GET 200 https://registry.npmjs.org/kerberos 859ms (cache miss)
52 silly fetch manifest mongodb-client-encryption@>=2.3.0 <3
53 http fetch GET 200 https://registry.npmjs.org/mongodb-client-encryption 858ms (cache miss)
54 silly fetch manifest gcp-metadata@^5.2.0
55 http fetch GET 200 https://registry.npmjs.org/gcp-metadata 890ms (cache miss)
56 silly fetch manifest snappy@^7.2.2
57 http fetch GET 200 https://registry.npmjs.org/snappy 840ms (cache miss)
58 silly placeDep ROOT bson@5.5.1 OK for: mongoose@7.6.8 want: ^5.5.0
59 silly placeDep ROOT mongodb@5.9.1 OK for: mongoose@7.6.8 want: 5.9.1
60 silly fetch manifest mongodb-connection-string-url@^2.6.0
61 silly fetch manifest @mongodb-js/saslprep@^1.1.0
62 http fetch GET 200 https://registry.npmjs.org/mongodb-connection-string-url 32ms (cache miss)
63 http fetch GET 200 https://registry.npmjs.org/@mongodb-js%2fsaslprep 51ms (cache miss)
64 timing idealTree:node_modules/mongoose Completed in 5584ms
65 timing idealTree:node_modules/bson Completed in 0ms
66 silly placeDep ROOT @mongodb-js/saslprep@1.1.4 OK for: mongodb@5.9.1 want: ^1.1.0
67 silly fetch manifest sparse-bitfield@^3.0.3
68 silly placeDep ROOT mongodb-connection-string-url@2.6.0 OK for: mongodb@5.9.1 want: ^2.6.0
69 silly fetch manifest @types/whatwg-url@^8.2.1
70 silly fetch manifest whatwg-url@^11.0.0
71 http fetch GET 200 https://registry.npmjs.org/sparse-bitfield 59ms (cache miss)
72 http fetch GET 200 https://registry.npmjs.org/@types%2fwhatwg-url 51ms (cache miss)
73 http fetch GET 200 https://registry.npmjs.org/whatwg-url 63ms (cache miss)
74 timing idealTree:node_modules/mongodb Completed in 84ms
75 silly placeDep ROOT sparse-bitfield@3.0.3 OK for: @mongodb-js/saslprep@1.1.4 want: ^3.0.3
76 silly fetch manifest memory-pager@^1.0.2
77 http fetch GET 200 https://registry.npmjs.org/memory-pager 41ms (cache miss)
78 timing idealTree:node_modules/@mongodb-js/saslprep Completed in 43ms
79 silly placeDep ROOT @types/whatwg-url@8.2.2 OK for: mongodb-connection-string-url@2.6.0 want: ^8.2.1
80 silly fetch manifest @types/node@*
81 silly fetch manifest @types/webidl-conversions@*
82 silly placeDep ROOT whatwg-url@11.0.0 OK for: mongodb-connection-string-url@2.6.0 want: ^11.0.0
83 silly fetch manifest tr46@^3.0.0
84 silly fetch manifest webidl-conversions@^7.0.0
85 http fetch GET 200 https://registry.npmjs.org/webidl-conversions 94ms (cache miss)
86 http fetch GET 200 https://registry.npmjs.org/@types%2fnode 237ms (cache miss)
87 http fetch GET 200 https://registry.npmjs.org/tr46 836ms (cache miss)
88 http fetch GET 200 https://registry.npmjs.org/@types%2fwebidl-conversions 1667ms (cache miss)
89 timing idealTree:node_modules/mongodb-connection-string-url Completed in 1671ms
90 silly placeDep ROOT @types/node@20.11.7 OK for: @types/whatwg-url@8.2.2 want: *
91 silly fetch manifest undici-types@~5.26.4
92 silly placeDep ROOT @types/webidl-conversions@7.0.3 OK for: @types/whatwg-url@8.2.2 want: *
93 http fetch GET 200 https://registry.npmjs.org/undici-types 55ms (cache miss)
94 timing idealTree:node_modules/@types/whatwg-url Completed in 60ms
95 silly placeDep ROOT undici-types@5.26.5 OK for: @types/node@20.11.7 want: ~5.26.4
96 timing idealTree:node_modules/@types/node Completed in 2ms
97 timing idealTree:node_modules/@types/webidl-conversions Completed in 0ms
98 silly placeDep ROOT memory-pager@1.5.0 OK for: sparse-bitfield@3.0.3 want: ^1.0.2
99 timing idealTree:node_modules/sparse-bitfield Completed in 16ms
100 timing idealTree:node_modules/memory-pager Completed in 0ms
101 timing idealTree:node_modules/undici-types Completed in 0ms
102 silly placeDep ROOT tr46@3.0.0 OK for: whatwg-url@11.0.0 want: ^3.0.0
103 silly fetch manifest punycode@^2.1.1
104 silly placeDep ROOT webidl-conversions@7.0.0 OK for: whatwg-url@11.0.0 want: ^7.0.0
105 http fetch GET 200 https://registry.npmjs.org/punycode 30ms (cache miss)
106 timing idealTree:node_modules/whatwg-url Completed in 34ms
107 silly placeDep ROOT punycode@2.3.1 OK for: tr46@3.0.0 want: ^2.1.1
108 timing idealTree:node_modules/tr46 Completed in 2ms
109 timing idealTree:node_modules/punycode Completed in 0ms
110 timing idealTree:node_modules/webidl-conversions Completed in 0ms
111 timing idealTree:buildDeps Completed in 9424ms
112 timing idealTree:fixDepFlags Completed in 3ms
113 timing idealTree Completed in 9764ms
114 timing reify:loadTrees Completed in 9766ms
115 timing reify:diffTrees Completed in 18ms
116 silly reify mark retired [ '/root/backend/Techdome-backend/node_modules/@types/node' ]
117 silly reify mark retired [
117 silly reify   '/root/backend/Techdome-backend/node_modules/@types/webidl-conversions'
117 silly reify ]
118 silly reify mark retired [ '/root/backend/Techdome-backend/node_modules/mongodb' ]
119 silly reify mark retired [ '/root/backend/Techdome-backend/node_modules/mongoose' ]
120 silly reify mark retired [ '/root/backend/Techdome-backend/node_modules/bson' ]
121 silly reify mark retired [ '/root/backend/Techdome-backend/node_modules/punycode' ]
122 silly reify mark retired [ '/root/backend/Techdome-backend/node_modules/saslprep' ]
123 silly reify moves {
123 silly reify   '/root/backend/Techdome-backend/node_modules/@types/node': '/root/backend/Techdome-backend/node_modules/@types/.node-TSEmNoiR',
123 silly reify   '/root/backend/Techdome-backend/node_modules/@types/webidl-conversions': '/root/backend/Techdome-backend/node_modules/@types/.webidl-conversions-5P8jE9En',
123 silly reify   '/root/backend/Techdome-backend/node_modules/mongodb': '/root/backend/Techdome-backend/node_modules/.mongodb-az1zU9KZ',
123 silly reify   '/root/backend/Techdome-backend/node_modules/mongoose': '/root/backend/Techdome-backend/node_modules/.mongoose-rfdsPSkd',
123 silly reify   '/root/backend/Techdome-backend/node_modules/bson': '/root/backend/Techdome-backend/node_modules/.bson-Ms8mBzkx',
123 silly reify   '/root/backend/Techdome-backend/node_modules/punycode': '/root/backend/Techdome-backend/node_modules/.punycode-XgeujeWR',
123 silly reify   '/root/backend/Techdome-backend/node_modules/saslprep': '/root/backend/Techdome-backend/node_modules/.saslprep-cihprNWT'
123 silly reify }
124 timing reify:retireShallow Completed in 17ms
125 timing reify:createSparse Completed in 6ms
126 timing reify:loadBundles Completed in 0ms
127 silly audit bulk request {
127 silly audit   '@tootallnate/once': [ '1.1.2' ],
127 silly audit   accepts: [ '1.3.8' ],
127 silly audit   acorn: [ '8.8.2' ],
127 silly audit   'acorn-walk': [ '8.2.0' ],
127 silly audit   'agent-base': [ '6.0.2' ],
127 silly audit   debug: [ '4.3.4', '2.6.9' ],
127 silly audit   ms: [ '2.1.2', '2.1.3', '2.0.0' ],
127 silly audit   'append-field': [ '1.0.0' ],
127 silly audit   'array-flatten': [ '1.1.1' ],
127 silly audit   'ast-types': [ '0.13.4' ],
127 silly audit   bcryptjs: [ '2.4.3' ],
127 silly audit   'body-parser': [ '1.20.2', '1.20.1' ],
127 silly audit   'buffer-equal-constant-time': [ '1.0.1' ],
127 silly audit   'buffer-from': [ '1.1.2' ],
127 silly audit   busboy: [ '1.6.0' ],
127 silly audit   bytes: [ '3.1.2' ],
127 silly audit   'call-bind': [ '1.0.2' ],
127 silly audit   cloudinary: [ '1.36.4' ],
127 silly audit   'cloudinary-core': [ '2.13.0' ],
127 silly audit   'concat-stream': [ '1.6.2' ],
127 silly audit   'content-disposition': [ '0.5.4' ],
127 silly audit   'content-type': [ '1.0.5' ],
127 silly audit   cookie: [ '0.5.0' ],
127 silly audit   'cookie-signature': [ '1.0.6' ],
127 silly audit   'core-js': [ '3.30.1' ],
127 silly audit   'core-util-is': [ '1.0.3' ],
127 silly audit   cors: [ '2.8.5' ],
127 silly audit   'data-uri-to-buffer': [ '3.0.1' ],
127 silly audit   'deep-is': [ '0.1.4' ],
127 silly audit   degenerator: [ '3.0.4' ],
127 silly audit   depd: [ '2.0.0' ],
127 silly audit   destroy: [ '1.2.0' ],
127 silly audit   dotenv: [ '16.0.3' ],
127 silly audit   'ecdsa-sig-formatter': [ '1.0.11' ],
127 silly audit   'ee-first': [ '1.1.1' ],
127 silly audit   encodeurl: [ '1.0.2' ],
127 silly audit   'escape-html': [ '1.0.3' ],
127 silly audit   escodegen: [ '1.14.3' ],
127 silly audit   esprima: [ '4.0.1' ],
127 silly audit   estraverse: [ '4.3.0' ],
127 silly audit   esutils: [ '2.0.3' ],
127 silly audit   etag: [ '1.8.1' ],
127 silly audit   express: [ '4.18.2' ],
127 silly audit   'raw-body': [ '2.5.1', '2.5.2' ],
127 silly audit   'fast-levenshtein': [ '2.0.6' ],
127 silly audit   'file-uri-to-path': [ '2.0.0' ],
127 silly audit   finalhandler: [ '1.2.0' ],
127 silly audit   forwarded: [ '0.2.0' ],
127 silly audit   fresh: [ '0.5.2' ],
127 silly audit   'fs-extra': [ '8.1.0' ],
127 silly audit   ftp: [ '0.3.10' ],
127 silly audit   isarray: [ '0.0.1', '1.0.0' ],
127 silly audit   'readable-stream': [ '1.1.14', '2.3.8' ],
127 silly audit   string_decoder: [ '0.10.31', '1.1.1' ],
127 silly audit   'function-bind': [ '1.1.1' ],
127 silly audit   'get-intrinsic': [ '1.2.0' ],
127 silly audit   'get-uri': [ '3.0.2' ],
127 silly audit   'graceful-fs': [ '4.2.11' ],
127 silly audit   has: [ '1.0.3' ],
127 silly audit   'has-symbols': [ '1.0.3' ],
127 silly audit   'http-errors': [ '2.0.0' ],
127 silly audit   'http-proxy-agent': [ '4.0.1' ],
127 silly audit   'https-proxy-agent': [ '5.0.1' ],
127 silly audit   'iconv-lite': [ '0.4.24' ],
127 silly audit   inherits: [ '2.0.4' ],
127 silly audit   ip: [ '2.0.0', '1.1.8' ],
127 silly audit   'ipaddr.js': [ '1.9.1' ],
127 silly audit   jsonfile: [ '4.0.0' ],
127 silly audit   jsonwebtoken: [ '9.0.0' ],
127 silly audit   jwa: [ '1.4.1' ],
127 silly audit   jws: [ '3.2.2' ],
127 silly audit   kareem: [ '2.5.1' ],
127 silly audit   levn: [ '0.3.0' ],
127 silly audit   lodash: [ '4.17.21' ],
127 silly audit   'lru-cache': [ '6.0.0', '5.1.1' ],
127 silly audit   'media-typer': [ '0.3.0' ],
127 silly audit   'merge-descriptors': [ '1.0.1' ],
127 silly audit   methods: [ '1.1.2' ],
127 silly audit   mime: [ '1.6.0' ],
127 silly audit   'mime-db': [ '1.52.0' ],
127 silly audit   'mime-types': [ '2.1.35' ],
127 silly audit   minimist: [ '1.2.8' ],
127 silly audit   mkdirp: [ '0.5.6' ],
127 silly audit   mpath: [ '0.9.0' ],
127 silly audit   mquery: [ '5.0.0' ],
127 silly audit   multer: [ '1.4.5-lts.1' ],
127 silly audit   negotiator: [ '0.6.3' ],
127 silly audit   netmask: [ '2.0.2' ],
127 silly audit   'object-assign': [ '4.1.1' ],
127 silly audit   'object-inspect': [ '1.12.3' ],
127 silly audit   'on-finished': [ '2.4.1' ],
127 silly audit   optionator: [ '0.8.3' ],
127 silly audit   'pac-proxy-agent': [ '5.0.0' ],
127 silly audit   'pac-resolver': [ '5.0.1' ],
127 silly audit   parseurl: [ '1.3.3' ],
127 silly audit   'path-to-regexp': [ '0.1.7' ],
127 silly audit   'prelude-ls': [ '1.1.2' ],
127 silly audit   'process-nextick-args': [ '2.0.1' ],
127 silly audit   'proxy-addr': [ '2.0.7' ],
127 silly audit   'proxy-agent': [ '5.0.0' ],
127 silly audit   yallist: [ '3.1.1', '4.0.0' ],
127 silly audit   'proxy-from-env': [ '1.1.0' ],
127 silly audit   q: [ '1.5.1' ],
127 silly audit   qs: [ '6.11.0' ],
127 silly audit   'range-parser': [ '1.2.1' ],
127 silly audit   'safe-buffer': [ '5.1.2', '5.2.1' ],
127 silly audit   'safer-buffer': [ '2.1.2' ],
127 silly audit   semver: [ '7.5.0' ],
127 silly audit   send: [ '0.18.0' ],
127 silly audit   'serve-static': [ '1.15.0' ],
127 silly audit   setprototypeof: [ '1.2.0' ],
127 silly audit   'side-channel': [ '1.0.4' ],
127 silly audit   sift: [ '16.0.1' ],
127 silly audit   'smart-buffer': [ '4.2.0' ],
127 silly audit   socks: [ '2.7.1' ],
127 silly audit   'socks-proxy-agent': [ '5.0.1' ],
127 silly audit   'source-map': [ '0.6.1' ],
127 silly audit   statuses: [ '2.0.1' ],
127 silly audit   streamsearch: [ '1.1.0' ],
127 silly audit   toidentifier: [ '1.0.1' ],
127 silly audit   tslib: [ '2.5.0' ],
127 silly audit   'type-check': [ '0.3.2' ],
127 silly audit   'type-is': [ '1.6.18' ],
127 silly audit   typedarray: [ '0.0.6' ],
127 silly audit   universalify: [ '0.1.2' ],
127 silly audit   unpipe: [ '1.0.0' ],
127 silly audit   'util-deprecate': [ '1.0.2' ],
127 silly audit   'utils-merge': [ '1.0.1' ],
127 silly audit   vary: [ '1.1.2' ],
127 silly audit   vm2: [ '3.9.17' ],
127 silly audit   'word-wrap': [ '1.2.3' ],
127 silly audit   xregexp: [ '2.0.0' ],
127 silly audit   xtend: [ '4.0.2' ],
127 silly audit   mongoose: [ '7.6.8' ],
127 silly audit   bson: [ '5.5.1' ],
127 silly audit   mongodb: [ '5.9.1' ],
127 silly audit   '@mongodb-js/saslprep': [ '1.1.4' ],
127 silly audit   'mongodb-connection-string-url': [ '2.6.0' ],
127 silly audit   'sparse-bitfield': [ '3.0.3' ],
127 silly audit   '@types/whatwg-url': [ '8.2.2' ],
127 silly audit   'whatwg-url': [ '11.0.0' ],
127 silly audit   '@types/node': [ '20.11.7' ],
127 silly audit   '@types/webidl-conversions': [ '7.0.3' ],
127 silly audit   'undici-types': [ '5.26.5' ],
127 silly audit   'memory-pager': [ '1.5.0' ],
127 silly audit   tr46: [ '3.0.0' ],
127 silly audit   'webidl-conversions': [ '7.0.0' ],
127 silly audit   punycode: [ '2.3.1' ]
127 silly audit }
128 silly tarball no local data for undici-types@https://registry.npmjs.org/undici-types/-/undici-types-5.26.5.tgz. Extracting by manifest.
129 silly tarball no local data for @mongodb-js/saslprep@https://registry.npmjs.org/@mongodb-js/saslprep/-/saslprep-1.1.4.tgz. Extracting by manifest.
130 silly tarball no local data for punycode@https://registry.npmjs.org/punycode/-/punycode-2.3.1.tgz. Extracting by manifest.
131 silly tarball no local data for bson@https://registry.npmjs.org/bson/-/bson-5.5.1.tgz. Extracting by manifest.
132 silly tarball no local data for mongoose@https://registry.npmjs.org/mongoose/-/mongoose-7.6.8.tgz. Extracting by manifest.
133 silly tarball no local data for mongodb@https://registry.npmjs.org/mongodb/-/mongodb-5.9.1.tgz. Extracting by manifest.
134 silly tarball no local data for @types/webidl-conversions@https://registry.npmjs.org/@types/webidl-conversions/-/webidl-conversions-7.0.3.tgz. Extracting by manifest.
135 silly tarball no local data for @types/node@https://registry.npmjs.org/@types/node/-/node-20.11.7.tgz. Extracting by manifest.
136 http fetch POST 200 https://registry.npmjs.org/-/npm/v1/security/advisories/bulk 414ms
137 timing auditReport:getReport Completed in 420ms
138 silly audit report {
138 silly audit report   semver: [
138 silly audit report     {
138 silly audit report       id: 1095367,
138 silly audit report       url: 'https://github.com/advisories/GHSA-c2qf-rxjj-qqgw',
138 silly audit report       title: 'semver vulnerable to Regular Expression Denial of Service',
138 silly audit report       severity: 'moderate',
138 silly audit report       vulnerable_versions: '>=7.0.0 <7.5.2',
138 silly audit report       cwe: [Array],
138 silly audit report       cvss: [Object]
138 silly audit report     }
138 silly audit report   ],
138 silly audit report   vm2: [
138 silly audit report     {
138 silly audit report       id: 1094550,
138 silly audit report       url: 'https://github.com/advisories/GHSA-cchq-frgv-rjh5',
138 silly audit report       title: 'vm2 Sandbox Escape vulnerability',
138 silly audit report       severity: 'critical',
138 silly audit report       vulnerable_versions: '<=3.9.19',
138 silly audit report       cwe: [Array],
138 silly audit report       cvss: [Object]
138 silly audit report     },
138 silly audit report     {
138 silly audit report       id: 1094568,
138 silly audit report       url: 'https://github.com/advisories/GHSA-whpj-8f3w-67p5',
138 silly audit report       title: 'vm2 Sandbox Escape vulnerability',
138 silly audit report       severity: 'critical',
138 silly audit report       vulnerable_versions: '<3.9.18',
138 silly audit report       cwe: [Array],
138 silly audit report       cvss: [Object]
138 silly audit report     },
138 silly audit report     {
138 silly audit report       id: 1094744,
138 silly audit report       url: 'https://github.com/advisories/GHSA-g644-9gfx-q4q4',
138 silly audit report       title: 'vm2 Sandbox Escape vulnerability',
138 silly audit report       severity: 'critical',
138 silly audit report       vulnerable_versions: '<=3.9.19',
138 silly audit report       cwe: [Array],
138 silly audit report       cvss: [Object]
138 silly audit report     },
138 silly audit report     {
138 silly audit report       id: 1094598,
138 silly audit report       url: 'https://github.com/advisories/GHSA-p5gc-c584-jj6v',
138 silly audit report       title: 'vm2 vulnerable to Inspect Manipulation',
138 silly audit report       severity: 'moderate',
138 silly audit report       vulnerable_versions: '<3.9.18',
138 silly audit report       cwe: [Array],
138 silly audit report       cvss: [Object]
138 silly audit report     }
138 silly audit report   ],
138 silly audit report   'word-wrap': [
138 silly audit report     {
138 silly audit report       id: 1095091,
138 silly audit report       url: 'https://github.com/advisories/GHSA-j8xg-fqg3-53r7',
138 silly audit report       title: 'word-wrap vulnerable to Regular Expression Denial of Service',
138 silly audit report       severity: 'moderate',
138 silly audit report       vulnerable_versions: '<1.2.4',
138 silly audit report       cwe: [Array],
138 silly audit report       cvss: [Object]
138 silly audit report     }
138 silly audit report   ]
138 silly audit report }
139 timing metavuln:cache:get:security-advisory:semver:leVLOBH6L7kijYa3ZPoQW9c9DpHJTQ4x06h9XnsNdXXFEYuoiAk7QDdx6msC9K+vk8daIqdrHHiDZzPezh3uNg== Completed in 19ms
140 timing metavuln:cache:get:security-advisory:vm2:beLAIPeqyrX9x9zgMf8CftvduhZWRRC4yRjU75fofHndFOSN3gUx8ZzXH97qSPimDgGoe+qLNgZ/8lkB6Y+xNg== Completed in 17ms
141 timing metavuln:cache:get:security-advisory:vm2:WJBh92Hk7mMicOMdOHrGR5qlnWdWjJP8wmbKMoL4X9K5D68XssVNwi4NAuVC3VTV2DaZkwKhRKOvNiXMSwC39w== Completed in 17ms
142 timing metavuln:cache:get:security-advisory:vm2:owLK7I81krxdBntSgWwrUcJ78E2CdRUhiAh2VvVYYinbj/hgV4V/ONgvmYIXCK7ntaH767241HFisUMBTbJ1Lw== Completed in 17ms
143 timing metavuln:cache:get:security-advisory:vm2:WoCc/T2gO/h3r6SbtqP/yGwE3FgRSETIYeTLvF9LGToSxIC6ZtteKwRXdZ6o6qpxoxrcuF2XbGvPtiFrLEfzJg== Completed in 17ms
144 timing metavuln:cache:get:security-advisory:word-wrap:KsI0N1m15Rt6tEZu1EDy6byAPYGo9k6gf5vUtxXQhGu5Snvftcd9klOfEjZk/al0ffowP1mOrgveD8ncFA/ntA== Completed in 17ms
145 http fetch GET 200 https://registry.npmjs.org/punycode/-/punycode-2.3.1.tgz 474ms (cache miss)
146 timing reifyNode:node_modules/punycode Completed in 515ms
147 http fetch GET 200 https://registry.npmjs.org/@types/webidl-conversions/-/webidl-conversions-7.0.3.tgz 462ms (cache miss)
148 timing reifyNode:node_modules/@types/webidl-conversions Completed in 514ms
149 http fetch GET 200 https://registry.npmjs.org/word-wrap 117ms (cache miss)
150 timing metavuln:packument:word-wrap Completed in 119ms
151 timing metavuln:load:security-advisory:word-wrap:1095091 Completed in 2ms
152 http fetch GET 200 https://registry.npmjs.org/semver 148ms (cache miss)
153 timing metavuln:packument:semver Completed in 150ms
154 timing metavuln:load:security-advisory:semver:1095367 Completed in 3ms
155 http fetch GET 200 https://registry.npmjs.org/undici-types/-/undici-types-5.26.5.tgz 558ms (cache miss)
156 timing reifyNode:node_modules/undici-types Completed in 611ms
157 timing metavuln:cache:put:security-advisory:word-wrap:KsI0N1m15Rt6tEZu1EDy6byAPYGo9k6gf5vUtxXQhGu5Snvftcd9klOfEjZk/al0ffowP1mOrgveD8ncFA/ntA== Completed in 72ms
158 timing metavuln:calculate:security-advisory:word-wrap:1095091 Completed in 193ms
159 timing metavuln:cache:put:security-advisory:semver:leVLOBH6L7kijYa3ZPoQW9c9DpHJTQ4x06h9XnsNdXXFEYuoiAk7QDdx6msC9K+vk8daIqdrHHiDZzPezh3uNg== Completed in 64ms
160 timing metavuln:calculate:security-advisory:semver:1095367 Completed in 219ms
161 http fetch GET 200 https://registry.npmjs.org/@mongodb-js/saslprep/-/saslprep-1.1.4.tgz 668ms (cache miss)
162 timing reifyNode:node_modules/@mongodb-js/saslprep Completed in 713ms
163 http fetch GET 200 https://registry.npmjs.org/bson/-/bson-5.5.1.tgz 1128ms (cache miss)
164 timing reifyNode:node_modules/bson Completed in 1173ms
165 http fetch GET 200 https://registry.npmjs.org/vm2 875ms (cache miss)
166 timing metavuln:packument:vm2 Completed in 877ms
167 timing metavuln:load:security-advisory:vm2:1094550 Completed in 15ms
168 timing metavuln:load:security-advisory:vm2:1094568 Completed in 6ms
169 timing metavuln:load:security-advisory:vm2:1094744 Completed in 1ms
170 timing metavuln:load:security-advisory:vm2:1094598 Completed in 5ms
171 timing metavuln:cache:put:security-advisory:vm2:beLAIPeqyrX9x9zgMf8CftvduhZWRRC4yRjU75fofHndFOSN3gUx8ZzXH97qSPimDgGoe+qLNgZ/8lkB6Y+xNg== Completed in 45ms
172 timing metavuln:calculate:security-advisory:vm2:1094550 Completed in 938ms
173 timing metavuln:cache:put:security-advisory:vm2:WoCc/T2gO/h3r6SbtqP/yGwE3FgRSETIYeTLvF9LGToSxIC6ZtteKwRXdZ6o6qpxoxrcuF2XbGvPtiFrLEfzJg== Completed in 33ms
174 timing metavuln:calculate:security-advisory:vm2:1094598 Completed in 937ms
175 timing metavuln:cache:put:security-advisory:vm2:WJBh92Hk7mMicOMdOHrGR5qlnWdWjJP8wmbKMoL4X9K5D68XssVNwi4NAuVC3VTV2DaZkwKhRKOvNiXMSwC39w== Completed in 46ms
176 timing metavuln:calculate:security-advisory:vm2:1094568 Completed in 943ms
177 timing metavuln:cache:put:security-advisory:vm2:owLK7I81krxdBntSgWwrUcJ78E2CdRUhiAh2VvVYYinbj/hgV4V/ONgvmYIXCK7ntaH767241HFisUMBTbJ1Lw== Completed in 44ms
178 timing metavuln:calculate:security-advisory:vm2:1094744 Completed in 943ms
179 timing metavuln:cache:get:security-advisory:jsonwebtoken:3gGA2jy5y0HEiqHK/2n40hNh0T1JkOhV692QDsfw+YeLqPNge1GZx0wx7Ji3hFAlaVjeoOVnJHipoqMiGA1nxg== Completed in 3ms
180 http fetch GET 200 https://registry.npmjs.org/jsonwebtoken 78ms (cache miss)
181 timing metavuln:packument:jsonwebtoken Completed in 80ms
182 timing metavuln:load:security-advisory:jsonwebtoken:leVLOBH6L7kijYa3ZPoQW9c9DpHJTQ4x06h9XnsNdXXFEYuoiAk7QDdx6msC9K+vk8daIqdrHHiDZzPezh3uNg== Completed in 15ms
183 timing metavuln:cache:put:security-advisory:jsonwebtoken:3gGA2jy5y0HEiqHK/2n40hNh0T1JkOhV692QDsfw+YeLqPNge1GZx0wx7Ji3hFAlaVjeoOVnJHipoqMiGA1nxg== Completed in 35ms
184 timing metavuln:calculate:security-advisory:jsonwebtoken:leVLOBH6L7kijYa3ZPoQW9c9DpHJTQ4x06h9XnsNdXXFEYuoiAk7QDdx6msC9K+vk8daIqdrHHiDZzPezh3uNg== Completed in 130ms
185 timing metavuln:cache:get:security-advisory:degenerator:Wbj65pj3TAmQdJV2uIoBa9P0ZqI14MfCzrBscZIvFScAeb+8WhnSdJjeMZ98OrefTchYlXwI6RZ4ol30S+jvzg== Completed in 2ms
186 http fetch GET 200 https://registry.npmjs.org/degenerator 52ms (cache miss)
187 timing metavuln:packument:degenerator Completed in 52ms
188 timing metavuln:load:security-advisory:degenerator:beLAIPeqyrX9x9zgMf8CftvduhZWRRC4yRjU75fofHndFOSN3gUx8ZzXH97qSPimDgGoe+qLNgZ/8lkB6Y+xNg== Completed in 4ms
189 timing metavuln:cache:put:security-advisory:degenerator:Wbj65pj3TAmQdJV2uIoBa9P0ZqI14MfCzrBscZIvFScAeb+8WhnSdJjeMZ98OrefTchYlXwI6RZ4ol30S+jvzg== Completed in 35ms
190 timing metavuln:calculate:security-advisory:degenerator:beLAIPeqyrX9x9zgMf8CftvduhZWRRC4yRjU75fofHndFOSN3gUx8ZzXH97qSPimDgGoe+qLNgZ/8lkB6Y+xNg== Completed in 92ms
191 timing metavuln:cache:get:security-advisory:optionator:/960sUo/6A36MG91x/KDKvQmrtWNnYImhDzVHB/xKRxGBVSTtX/fw2U457HYAiqgvl/7p2Ad8tcuOOIdIZG01Q== Completed in 6ms
192 http fetch GET 200 https://registry.npmjs.org/optionator 68ms (cache miss)
193 timing metavuln:packument:optionator Completed in 69ms
194 timing metavuln:load:security-advisory:optionator:KsI0N1m15Rt6tEZu1EDy6byAPYGo9k6gf5vUtxXQhGu5Snvftcd9klOfEjZk/al0ffowP1mOrgveD8ncFA/ntA== Completed in 1ms
195 http fetch GET 200 https://registry.npmjs.org/@types/node/-/node-20.11.7.tgz 1602ms (cache miss)
196 timing reifyNode:node_modules/@types/node Completed in 1660ms
197 timing metavuln:cache:put:security-advisory:optionator:/960sUo/6A36MG91x/KDKvQmrtWNnYImhDzVHB/xKRxGBVSTtX/fw2U457HYAiqgvl/7p2Ad8tcuOOIdIZG01Q== Completed in 28ms
198 timing metavuln:calculate:security-advisory:optionator:KsI0N1m15Rt6tEZu1EDy6byAPYGo9k6gf5vUtxXQhGu5Snvftcd9klOfEjZk/al0ffowP1mOrgveD8ncFA/ntA== Completed in 98ms
199 timing metavuln:cache:get:security-advisory:pac-resolver:hhVx0FAaCe1YHZczPN1TkqYXdA9dak5GdVbeI/hpnef9e78N148gcP+y38PfgoEuwYKL/xz/ShENqKTlv12VlA== Completed in 8ms
200 http fetch GET 200 https://registry.npmjs.org/pac-resolver 67ms (cache miss)
201 timing metavuln:packument:pac-resolver Completed in 68ms
202 timing metavuln:load:security-advisory:pac-resolver:Wbj65pj3TAmQdJV2uIoBa9P0ZqI14MfCzrBscZIvFScAeb+8WhnSdJjeMZ98OrefTchYlXwI6RZ4ol30S+jvzg== Completed in 13ms
203 timing metavuln:cache:put:security-advisory:pac-resolver:hhVx0FAaCe1YHZczPN1TkqYXdA9dak5GdVbeI/hpnef9e78N148gcP+y38PfgoEuwYKL/xz/ShENqKTlv12VlA== Completed in 26ms
204 timing metavuln:calculate:security-advisory:pac-resolver:Wbj65pj3TAmQdJV2uIoBa9P0ZqI14MfCzrBscZIvFScAeb+8WhnSdJjeMZ98OrefTchYlXwI6RZ4ol30S+jvzg== Completed in 108ms
205 timing metavuln:cache:get:security-advisory:pac-proxy-agent:ZvE5TBQCE+8d8JIw0gnsBO2tjrXyBLoAKWj5LXae7Ft9JLvAQ7SnT/dQX35fOGUUgxnXb1n23glqeST1T5Q4Lg== Completed in 2ms
206 http fetch GET 200 https://registry.npmjs.org/mongoose/-/mongoose-7.6.8.tgz 1868ms (cache miss)
207 timing reifyNode:node_modules/mongoose Completed in 1911ms
208 http fetch GET 200 https://registry.npmjs.org/pac-proxy-agent 138ms (cache miss)
209 timing metavuln:packument:pac-proxy-agent Completed in 139ms
210 timing metavuln:load:security-advisory:pac-proxy-agent:hhVx0FAaCe1YHZczPN1TkqYXdA9dak5GdVbeI/hpnef9e78N148gcP+y38PfgoEuwYKL/xz/ShENqKTlv12VlA== Completed in 2ms
211 timing metavuln:cache:put:security-advisory:pac-proxy-agent:ZvE5TBQCE+8d8JIw0gnsBO2tjrXyBLoAKWj5LXae7Ft9JLvAQ7SnT/dQX35fOGUUgxnXb1n23glqeST1T5Q4Lg== Completed in 12ms
212 timing metavuln:calculate:security-advisory:pac-proxy-agent:hhVx0FAaCe1YHZczPN1TkqYXdA9dak5GdVbeI/hpnef9e78N148gcP+y38PfgoEuwYKL/xz/ShENqKTlv12VlA== Completed in 162ms
213 timing metavuln:cache:get:security-advisory:proxy-agent:7fqavL8QGlmn8lbyFPuYJ+P97uPL6k+YYt0V2W80PiRklss+p28OmmO0sx3uT+go8rtMpbbSLROCNphy0WBTvw== Completed in 3ms
214 http fetch GET 200 https://registry.npmjs.org/proxy-agent 39ms (cache miss)
215 timing metavuln:packument:proxy-agent Completed in 41ms
216 timing metavuln:load:security-advisory:proxy-agent:ZvE5TBQCE+8d8JIw0gnsBO2tjrXyBLoAKWj5LXae7Ft9JLvAQ7SnT/dQX35fOGUUgxnXb1n23glqeST1T5Q4Lg== Completed in 10ms
217 timing metavuln:cache:put:security-advisory:proxy-agent:7fqavL8QGlmn8lbyFPuYJ+P97uPL6k+YYt0V2W80PiRklss+p28OmmO0sx3uT+go8rtMpbbSLROCNphy0WBTvw== Completed in 19ms
218 timing metavuln:calculate:security-advisory:proxy-agent:ZvE5TBQCE+8d8JIw0gnsBO2tjrXyBLoAKWj5LXae7Ft9JLvAQ7SnT/dQX35fOGUUgxnXb1n23glqeST1T5Q4Lg== Completed in 70ms
219 timing metavuln:cache:get:security-advisory:cloudinary:GedJNBX68+nzE0rPf9LY943nanCgoVN3X+af9/ZYsSd67Nn/SbJ1aic8ryKOLhOl3zSxU37JtsS/r6rib0IC6A== Completed in 8ms
220 http fetch GET 200 https://registry.npmjs.org/mongodb/-/mongodb-5.9.1.tgz 1978ms (cache miss)
221 timing reifyNode:node_modules/mongodb Completed in 2030ms
222 timing reify:unpack Completed in 2042ms
223 timing reify:unretire Completed in 2ms
224 timing build:queue Completed in 5ms
225 timing build:deps Completed in 5ms
226 timing build Completed in 6ms
227 timing reify:build Completed in 8ms
228 timing reify:trash Completed in 124ms
229 timing reify:save Completed in 143ms
230 http fetch GET 200 https://registry.npmjs.org/cloudinary 836ms (cache miss)
231 timing metavuln:packument:cloudinary Completed in 841ms
232 timing metavuln:load:security-advisory:cloudinary:7fqavL8QGlmn8lbyFPuYJ+P97uPL6k+YYt0V2W80PiRklss+p28OmmO0sx3uT+go8rtMpbbSLROCNphy0WBTvw== Completed in 17ms
233 timing metavuln:cache:put:security-advisory:cloudinary:GedJNBX68+nzE0rPf9LY943nanCgoVN3X+af9/ZYsSd67Nn/SbJ1aic8ryKOLhOl3zSxU37JtsS/r6rib0IC6A== Completed in 16ms
234 timing metavuln:calculate:security-advisory:cloudinary:7fqavL8QGlmn8lbyFPuYJ+P97uPL6k+YYt0V2W80PiRklss+p28OmmO0sx3uT+go8rtMpbbSLROCNphy0WBTvw== Completed in 874ms
235 timing auditReport:init Completed in 2485ms
236 timing reify:audit Completed in 2907ms
237 timing reify Completed in 12836ms
238 silly ADD node_modules/undici-types
239 silly ADD node_modules/@mongodb-js/saslprep
240 silly REMOVE node_modules/saslprep
241 silly CHANGE node_modules/punycode
242 silly CHANGE node_modules/bson
243 silly CHANGE node_modules/mongoose
244 silly CHANGE node_modules/mongodb
245 silly CHANGE node_modules/@types/webidl-conversions
246 silly CHANGE node_modules/@types/node
247 timing command:install Completed in 12888ms
248 notice
248 notice New [31mmajor[39m version of npm available! [31m9.8.1[39m -> [32m10.4.0[39m
248 notice Changelog: [36mhttps://github.com/npm/cli/releases/tag/v10.4.0[39m
248 notice Run [32mnpm install -g npm@10.4.0[39m to update!
248 notice
249 verbose exit 0
250 timing npm Completed in 13326ms
251 info ok
