0 verbose cli /usr/bin/node-18 /usr/bin/npm
1 info using npm@9.8.1
2 info using node@v18.18.2
3 timing npm:load:whichnode Completed in 8ms
4 timing config:load:defaults Completed in 3ms
5 timing config:load:file:/usr/lib/node_modules_18/npm/npmrc Completed in 16ms
6 timing config:load:builtin Completed in 17ms
7 timing config:load:cli Completed in 4ms
8 timing config:load:env Completed in 0ms
9 timing config:load:project Completed in 9ms
10 timing config:load:file:/root/.npmrc Completed in 0ms
11 timing config:load:user Completed in 1ms
12 timing config:load:file:/etc/npmrc Completed in 1ms
13 timing config:load:global Completed in 1ms
14 timing config:load:setEnvs Completed in 2ms
15 timing config:load Completed in 38ms
16 timing npm:load:configload Completed in 38ms
17 timing config:load:flatten Completed in 10ms
18 timing npm:load:mkdirpcache Completed in 10ms
19 timing npm:load:mkdirplogs Completed in 1ms
20 verbose title npm install npm@10.4.0
21 verbose argv "install" "--global" "npm@10.4.0"
22 timing npm:load:setTitle Completed in 1ms
23 timing npm:load:display Completed in 2ms
24 verbose logfile logs-max:10 dir:/root/.npm/_logs/2024-01-27T12_18_42_471Z-
25 verbose logfile /root/.npm/_logs/2024-01-27T12_18_42_471Z-debug-0.log
26 timing npm:load:logFile Completed in 36ms
27 timing npm:load:timers Completed in 0ms
28 timing npm:load:configScope Completed in 0ms
29 timing npm:load Completed in 157ms
30 timing config:load:flatten Completed in 0ms
31 silly logfile done cleaning log files
32 http fetch GET 200 https://registry.npmjs.org/npm 86ms (cache hit)
33 timing arborist:ctor Completed in 2ms
34 timing idealTree:init Completed in 16ms
35 timing idealTree:userRequests Completed in 12ms
36 silly idealTree buildDeps
37 silly fetch manifest npm@10.4.0
38 http fetch GET 200 https://registry.npmjs.org/npm 40ms (cache hit)
39 silly placeDep ROOT npm@10.4.0 OK for:  want: 10.4.0
40 timing idealTree:#root Completed in 83ms
41 timing idealTree:node_modules/npm Completed in 0ms
42 timing idealTree:buildDeps Completed in 85ms
43 timing idealTree:fixDepFlags Completed in 1ms
44 timing idealTree Completed in 118ms
45 timing reify:loadTrees Completed in 122ms
46 timing reify:diffTrees Completed in 3ms
47 silly reify moves {}
48 timing reify:retireShallow Completed in 2ms
49 timing reify:createSparse Completed in 16ms
50 silly tarball no local data for npm@https://registry.npmjs.org/npm/-/npm-10.4.0.tgz. Extracting by manifest.
51 http fetch GET 200 https://registry.npmjs.org/npm/-/npm-10.4.0.tgz 4303ms (cache miss)
52 timing reifyNode:node_modules/npm Completed in 4335ms
53 timing arborist:ctor Completed in 0ms
54 timing reify:diffTrees Completed in 3ms
55 timing reify:loadBundles Completed in 4832ms
56 timing reify:unpack Completed in 1ms
57 timing reify:unretire Completed in 0ms
58 timing build:queue Completed in 39ms
59 timing build:link:node_modules/npm/node_modules/@npmcli/arborist Completed in 20ms
60 timing build:link:node_modules/npm/node_modules/cross-spawn/node_modules/which Completed in 18ms
61 timing build:link:node_modules/npm Completed in 22ms
62 timing build:link:node_modules/npm/node_modules/@npmcli/installed-package-contents Completed in 21ms
63 timing build:link:node_modules/npm/node_modules/color-support Completed in 21ms
64 timing build:link:node_modules/npm/node_modules/cssesc Completed in 21ms
65 timing build:link:node_modules/npm/node_modules/glob Completed in 21ms
66 timing build:link:node_modules/npm/node_modules/mkdirp Completed in 21ms
67 timing build:link:node_modules/npm/node_modules/node-gyp Completed in 20ms
68 timing build:link:node_modules/npm/node_modules/nopt Completed in 20ms
69 timing build:link:node_modules/npm/node_modules/pacote Completed in 20ms
70 timing build:link:node_modules/npm/node_modules/qrcode-terminal Completed in 20ms
71 timing build:link:node_modules/npm/node_modules/semver Completed in 20ms
72 timing build:link:node_modules/npm/node_modules/which Completed in 20ms
73 timing build:link Completed in 22ms
74 timing build:deps Completed in 62ms
75 timing build Completed in 62ms
76 timing reify:build Completed in 63ms
77 timing reify:trash Completed in 0ms
78 timing reify Completed in 5054ms
79 silly ADD node_modules/npm
80 timing command:install Completed in 5272ms
81 verbose exit 0
82 timing npm Completed in 5716ms
83 info ok
